<?xml version="1.0" encoding="UTF-8"?>
<!-- Generated by org.testng.reporters.JUnitXMLReporter -->
<testsuite hostname="Prateek-PC" name="Testing Parameterization" tests="2" failures="0" timestamp="10 Dec 2016 12:56:49 GMT" time="0.153" errors="0">
  <testcase name="testcaseone" time="0.055" classname="Learing_TestNG_paramerterization.TestParameters"/>
  <testcase name="testcasetwo" time="0.0" classname="Learing_TestNG_paramerterization.TestParameters">
    <skipped/>
  </testcase> <!-- testcasetwo -->
</testsuite> <!-- Testing Parameterization -->
