<?xml version="1.0" encoding="UTF-8"?>
<!-- Generated by org.testng.reporters.JUnitXMLReporter -->
<testsuite hostname="Prateek-PC" name="Learing_Listner" tests="6" failures="1" timestamp="10 Dec 2016 12:03:19 GMT" time="0.411" errors="0">
  <testcase name="methodAddingNumber" time="0.069" classname="Learning_TestNG.LoggingClass"/>
  <testcase name="dividedByZero" time="0.013" classname="Learning_TestNG.LoggingClass">
    <failure type="java.lang.ArithmeticException" message="/ by zero">
      <![CDATA[java.lang.ArithmeticException: / by zero
	at Learning_TestNG.LoggingClass.dividedByZero(LoggingClass.java:17)
... Removed 24 stack frames]]>
    </failure>
  </testcase> <!-- dividedByZero -->
  <testcase name="methodskip" time="0.0" classname="Learning_TestNG.LoggingClass">
    <skipped/>
  </testcase> <!-- methodskip -->
  <testcase name="Test_LoginToOrderExpress" time="0.014" classname="Learning_TestNG.Logging_2"/>
  <testcase name="Test_SearchProduct" time="0.0" classname="Learning_TestNG.Logging_2">
    <skipped/>
  </testcase> <!-- Test_SearchProduct -->
  <testcase name="Test_SelectAccount" time="0.008" classname="Learning_TestNG.Logging_2"/>
</testsuite> <!-- Learing_Listner -->
