<?xml version="1.0" encoding="UTF-8"?>
<!-- Generated by org.testng.reporters.JUnitXMLReporter -->
<testsuite hostname="Prateek-PC" name="Test Flow1" tests="3" failures="0" timestamp="24 Dec 2016 12:29:24 GMT" time="65.373" errors="0">
  <testcase name="LoginToCardinal" time="19.393" classname="orderExpress_Test.Test_Flow1"/>
  <testcase name="Test_Searchproduct" time="11.284" classname="orderExpress_Test.Test_Flow1"/>
  <testcase name="Test_AddProdutToCart" time="16.52" classname="orderExpress_Test.Test_Flow1"/>
</testsuite> <!-- Test Flow1 -->
